Wilson - Chandler - DEN - 2016-01-04 02:00:00+00:00
Alan - Anderson - WAS - 2016-01-03 23:00:00+00:00
Mike - Dunleavy - CHI - 2016-01-03 20:30:00+00:00
Jarnell - Stokes - MIA - 2016-01-03 23:00:00+00:00
Wilson - Chandler - DEN - 2016-01-09 01:00:00+00:00
Alan - Anderson - WAS - 2016-01-09 00:00:00+00:00
Quincy - Pondexter - NOP - 2016-01-09 01:00:00+00:00
Josh - Huestis - OKC - 2016-01-09 03:30:00+00:00
Joe - Young - IND - 2016-01-09 01:00:00+00:00
Rakeem - Christmas - IND - 2016-01-09 01:00:00+00:00
Jarnell - Stokes - MIA - 2016-01-09 02:30:00+00:00
Kevon - Looney - GSW - 2016-01-09 03:00:00+00:00
Chris - McCullough - BRK - 2016-01-09 00:30:00+00:00
Elton - Brand - PHI - 2016-01-10 00:30:00+00:00
Alan - Anderson - WAS - 2016-01-10 00:00:00+00:00
Mike - Dunleavy - CHI - 2016-01-09 22:00:00+00:00
Duje - Dukan - SAC - 2016-01-10 03:00:00+00:00
Michael - Kidd-Gilchrist - CHO - 2016-01-09 20:30:00+00:00
Jarnell - Stokes - MIA - 2016-01-10 02:00:00+00:00
Joel - Embiid - PHI - 2016-01-10 00:30:00+00:00
Dante - Exum - UTA - 2016-01-10 02:00:00+00:00
Kevon - Looney - GSW - 2016-01-10 03:00:00+00:00
Chris - McCullough - BRK - 2016-01-10 00:30:00+00:00
Wilson - Chandler - DEN - 2016-01-11 01:00:00+00:00
Elton - Brand - PHI - 2016-01-10 23:00:00+00:00
Quincy - Pondexter - NOP - 2016-01-10 20:30:00+00:00
Josh - Huestis - OKC - 2016-01-11 02:00:00+00:00
Joe - Young - IND - 2016-01-11 00:00:00+00:00
Michael - Kidd-Gilchrist - CHO - 2016-01-11 01:00:00+00:00
Rakeem - Christmas - IND - 2016-01-11 00:00:00+00:00
Joel - Embiid - PHI - 2016-01-10 23:00:00+00:00
Dante - Exum - UTA - 2016-01-11 02:30:00+00:00
Wilson - Chandler - DEN - 2016-01-04 02:00:00+00:00
Alan - Anderson - WAS - 2016-01-03 23:00:00+00:00
Mike - Dunleavy - CHI - 2016-01-03 20:30:00+00:00
Jarnell - Stokes - MIA - 2016-01-03 23:00:00+00:00
Wilson - Chandler - DEN - 2016-01-09 01:00:00+00:00
Alan - Anderson - WAS - 2016-01-09 00:00:00+00:00
Quincy - Pondexter - NOP - 2016-01-09 01:00:00+00:00
Josh - Huestis - OKC - 2016-01-09 03:30:00+00:00
Joe - Young - IND - 2016-01-09 01:00:00+00:00
Rakeem - Christmas - IND - 2016-01-09 01:00:00+00:00
Jarnell - Stokes - MIA - 2016-01-09 02:30:00+00:00
Kevon - Looney - GSW - 2016-01-09 03:00:00+00:00
Chris - McCullough - BRK - 2016-01-09 00:30:00+00:00
Elton - Brand - PHI - 2016-01-10 00:30:00+00:00
Alan - Anderson - WAS - 2016-01-10 00:00:00+00:00
Mike - Dunleavy - CHI - 2016-01-09 22:00:00+00:00
Duje - Dukan - SAC - 2016-01-10 03:00:00+00:00
Michael - Kidd-Gilchrist - CHO - 2016-01-09 20:30:00+00:00
Jarnell - Stokes - MIA - 2016-01-10 02:00:00+00:00
Joel - Embiid - PHI - 2016-01-10 00:30:00+00:00
Dante - Exum - UTA - 2016-01-10 02:00:00+00:00
Kevon - Looney - GSW - 2016-01-10 03:00:00+00:00
Chris - McCullough - BRK - 2016-01-10 00:30:00+00:00
Wilson - Chandler - DEN - 2016-01-11 01:00:00+00:00
Elton - Brand - PHI - 2016-01-10 23:00:00+00:00
Quincy - Pondexter - NOP - 2016-01-10 20:30:00+00:00
Josh - Huestis - OKC - 2016-01-11 02:00:00+00:00
Joe - Young - IND - 2016-01-11 00:00:00+00:00
Michael - Kidd-Gilchrist - CHO - 2016-01-11 01:00:00+00:00
Rakeem - Christmas - IND - 2016-01-11 00:00:00+00:00
Joel - Embiid - PHI - 2016-01-10 23:00:00+00:00
Dante - Exum - UTA - 2016-01-11 02:30:00+00:00
