Brad - Beal - WAS - 2016-01-03 00:00:00-05:00 - 2016-01-04 00:00:00-05:00
Louis - Williams - LAL - 2016-01-03 00:00:00-05:00 - 2016-01-04 00:00:00-05:00
Larry - Nance Jr. - LAL - 2016-01-03 00:00:00-05:00 - 2016-01-04 00:00:00-05:00
Jarnell - Stokes - MIA - 2016-01-03 00:00:00-05:00 - 2016-01-04 00:00:00-05:00
Martell - Webster - WAS - 2016-01-03 00:00:00-05:00 - 2016-01-04 00:00:00-05:00
Alan - Anderson - WAS - 2016-01-03 00:00:00-05:00 - 2016-01-04 00:00:00-05:00
Metta - World Peace - LAL - 2016-01-03 00:00:00-05:00 - 2016-01-04 00:00:00-05:00
Brad - Beal - WAS - 2016-01-08 00:00:00-05:00 - 2016-01-09 00:00:00-05:00
Louis - Williams - LAL - 2016-01-08 00:00:00-05:00 - 2016-01-09 00:00:00-05:00
Jose Juan - Barea - DAL - 2016-01-08 00:00:00-05:00 - 2016-01-09 00:00:00-05:00
Larry - Nance Jr. - LAL - 2016-01-08 00:00:00-05:00 - 2016-01-09 00:00:00-05:00
Quincy - Pondexter - NOP - 2016-01-08 00:00:00-05:00 - 2016-01-09 00:00:00-05:00
Jarnell - Stokes - MIA - 2016-01-08 00:00:00-05:00 - 2016-01-09 00:00:00-05:00
Rakeem - Christmas - IND - 2016-01-08 00:00:00-05:00 - 2016-01-09 00:00:00-05:00
Roy Devyn - Marble - ORL - 2016-01-08 00:00:00-05:00 - 2016-01-09 00:00:00-05:00
Alan - Anderson - WAS - 2016-01-08 00:00:00-05:00 - 2016-01-09 00:00:00-05:00
Metta - World Peace - LAL - 2016-01-08 00:00:00-05:00 - 2016-01-09 00:00:00-05:00
Glenn - Robinson III - IND - 2016-01-08 00:00:00-05:00 - 2016-01-09 00:00:00-05:00
Martell - Webster - WAS - 2016-01-08 00:00:00-05:00 - 2016-01-09 00:00:00-05:00
James Michael - McAdoo - GSW - 2016-01-08 00:00:00-05:00 - 2016-01-09 00:00:00-05:00
Louis - Amundson - NYK - 2016-01-08 00:00:00-05:00 - 2016-01-09 00:00:00-05:00
Brad - Beal - WAS - 2016-01-09 00:00:00-05:00 - 2016-01-10 00:00:00-05:00
Ishmael - Smith - PHI - 2016-01-09 00:00:00-05:00 - 2016-01-10 00:00:00-05:00
Alan - Anderson - WAS - 2016-01-09 00:00:00-05:00 - 2016-01-10 00:00:00-05:00
Phil (Flip) - Pressey - PHI - 2016-01-09 00:00:00-05:00 - 2016-01-10 00:00:00-05:00
Jakarr - Sampson - PHI - 2016-01-09 00:00:00-05:00 - 2016-01-10 00:00:00-05:00
Jarnell - Stokes - MIA - 2016-01-09 00:00:00-05:00 - 2016-01-10 00:00:00-05:00
Duje - Dukan - SAC - 2016-01-09 00:00:00-05:00 - 2016-01-10 00:00:00-05:00
Martell - Webster - WAS - 2016-01-09 00:00:00-05:00 - 2016-01-10 00:00:00-05:00
James Michael - McAdoo - GSW - 2016-01-09 00:00:00-05:00 - 2016-01-10 00:00:00-05:00
Elton - Brand - PHI - 2016-01-09 00:00:00-05:00 - 2016-01-10 00:00:00-05:00
Roy Devyn - Marble - ORL - 2016-01-09 00:00:00-05:00 - 2016-01-10 00:00:00-05:00
Mike - Dunleavy - CHI - 2016-01-09 00:00:00-05:00 - 2016-01-10 00:00:00-05:00
Tim - Hardaway Jr. - ATL - 2016-01-09 00:00:00-05:00 - 2016-01-10 00:00:00-05:00
Luc Richard - Mbah a Moute - LAC - 2016-01-09 00:00:00-05:00 - 2016-01-10 00:00:00-05:00
Jose Juan - Barea - DAL - 2016-01-10 00:00:00-05:00 - 2016-01-11 00:00:00-05:00
Quincy - Pondexter - NOP - 2016-01-10 00:00:00-05:00 - 2016-01-11 00:00:00-05:00
Luc Richard - Mbah a Moute - LAC - 2016-01-10 00:00:00-05:00 - 2016-01-11 00:00:00-05:00
Ishmael - Smith - PHI - 2016-01-10 00:00:00-05:00 - 2016-01-11 00:00:00-05:00
Louis - Williams - LAL - 2016-01-10 00:00:00-05:00 - 2016-01-11 00:00:00-05:00
Larry - Nance Jr. - LAL - 2016-01-10 00:00:00-05:00 - 2016-01-11 00:00:00-05:00
Jakarr - Sampson - PHI - 2016-01-10 00:00:00-05:00 - 2016-01-11 00:00:00-05:00
Rakeem - Christmas - IND - 2016-01-10 00:00:00-05:00 - 2016-01-11 00:00:00-05:00
Metta - World Peace - LAL - 2016-01-10 00:00:00-05:00 - 2016-01-11 00:00:00-05:00
Glenn - Robinson III - IND - 2016-01-10 00:00:00-05:00 - 2016-01-11 00:00:00-05:00
Phil (Flip) - Pressey - PHI - 2016-01-10 00:00:00-05:00 - 2016-01-11 00:00:00-05:00
RJ - Hunter - BOS - 2016-01-10 00:00:00-05:00 - 2016-01-11 00:00:00-05:00
Elton - Brand - PHI - 2016-01-10 00:00:00-05:00 - 2016-01-11 00:00:00-05:00
Louis - Amundson - NYK - 2016-01-10 00:00:00-05:00 - 2016-01-11 00:00:00-05:00
Jarnell - Stokes - MIA - 2016-01-03 00:00:00-05:00 - 2016-01-04 00:00:00-05:00
Martell - Webster - WAS - 2016-01-03 00:00:00-05:00 - 2016-01-04 00:00:00-05:00
Alan - Anderson - WAS - 2016-01-03 00:00:00-05:00 - 2016-01-04 00:00:00-05:00
Metta - World Peace - LAL - 2016-01-03 00:00:00-05:00 - 2016-01-04 00:00:00-05:00
Jose - Barea - DAL - 2016-01-08 00:00:00-05:00 - 2016-01-09 00:00:00-05:00
Quincy - Pondexter - NOP - 2016-01-08 00:00:00-05:00 - 2016-01-09 00:00:00-05:00
Jarnell - Stokes - MIA - 2016-01-08 00:00:00-05:00 - 2016-01-09 00:00:00-05:00
Rakeem - Christmas - IND - 2016-01-08 00:00:00-05:00 - 2016-01-09 00:00:00-05:00
Roy Devyn - Marble - ORL - 2016-01-08 00:00:00-05:00 - 2016-01-09 00:00:00-05:00
Alan - Anderson - WAS - 2016-01-08 00:00:00-05:00 - 2016-01-09 00:00:00-05:00
Metta - World Peace - LAL - 2016-01-08 00:00:00-05:00 - 2016-01-09 00:00:00-05:00
Glenn - Robinson III - IND - 2016-01-08 00:00:00-05:00 - 2016-01-09 00:00:00-05:00
Martell - Webster - WAS - 2016-01-08 00:00:00-05:00 - 2016-01-09 00:00:00-05:00
James Michael - McAdoo - GSW - 2016-01-08 00:00:00-05:00 - 2016-01-09 00:00:00-05:00
Louis - Amundson - NYK - 2016-01-08 00:00:00-05:00 - 2016-01-09 00:00:00-05:00
Alan - Anderson - WAS - 2016-01-09 00:00:00-05:00 - 2016-01-10 00:00:00-05:00
Phil (Flip) - Pressey - PHI - 2016-01-09 00:00:00-05:00 - 2016-01-10 00:00:00-05:00
Jakarr - Sampson - PHI - 2016-01-09 00:00:00-05:00 - 2016-01-10 00:00:00-05:00
Jarnell - Stokes - MIA - 2016-01-09 00:00:00-05:00 - 2016-01-10 00:00:00-05:00
Duje - Dukan - SAC - 2016-01-09 00:00:00-05:00 - 2016-01-10 00:00:00-05:00
Martell - Webster - WAS - 2016-01-09 00:00:00-05:00 - 2016-01-10 00:00:00-05:00
James Michael - McAdoo - GSW - 2016-01-09 00:00:00-05:00 - 2016-01-10 00:00:00-05:00
Elton - Brand - PHI - 2016-01-09 00:00:00-05:00 - 2016-01-10 00:00:00-05:00
Roy Devyn - Marble - ORL - 2016-01-09 00:00:00-05:00 - 2016-01-10 00:00:00-05:00
Mike - Dunleavy - CHI - 2016-01-09 00:00:00-05:00 - 2016-01-10 00:00:00-05:00
Tim - Hardaway Jr. - ATL - 2016-01-09 00:00:00-05:00 - 2016-01-10 00:00:00-05:00
Luc Richard - Mbah a Moute - LAC - 2016-01-09 00:00:00-05:00 - 2016-01-10 00:00:00-05:00
Jose - Barea - DAL - 2016-01-10 00:00:00-05:00 - 2016-01-11 00:00:00-05:00
Quincy - Pondexter - NOP - 2016-01-10 00:00:00-05:00 - 2016-01-11 00:00:00-05:00
Luc Richard - Mbah a Moute - LAC - 2016-01-10 00:00:00-05:00 - 2016-01-11 00:00:00-05:00
Jakarr - Sampson - PHI - 2016-01-10 00:00:00-05:00 - 2016-01-11 00:00:00-05:00
Rakeem - Christmas - IND - 2016-01-10 00:00:00-05:00 - 2016-01-11 00:00:00-05:00
Metta - World Peace - LAL - 2016-01-10 00:00:00-05:00 - 2016-01-11 00:00:00-05:00
Glenn - Robinson III - IND - 2016-01-10 00:00:00-05:00 - 2016-01-11 00:00:00-05:00
Phil (Flip) - Pressey - PHI - 2016-01-10 00:00:00-05:00 - 2016-01-11 00:00:00-05:00
RJ - Hunter - BOS - 2016-01-10 00:00:00-05:00 - 2016-01-11 00:00:00-05:00
Elton - Brand - PHI - 2016-01-10 00:00:00-05:00 - 2016-01-11 00:00:00-05:00
Louis - Amundson - NYK - 2016-01-10 00:00:00-05:00 - 2016-01-11 00:00:00-05:00
