Anthony - Davis - NO
Paul - George - IND
Tyreke - Evans - NO
Monta - Ellis - IND
Ryan - Anderson - NO
Jrue - Holiday - NO
George - Hill - IND
Eric - Gordon - NO
C.J. - Miles - IND
Ian - Mahinmi - IND
Jordan - Hill - IND
Norris - Cole - NO
Rodney - Stuckey - IND
Lavoy - Allen - IND
Omer - Asik - NO
Myles - Turner - IND
Dante - Cunningham - NO
Alonzo - Gee - NO
Chase - Budinger - IND
Alexis - Ajinca - NO
Kendrick - Perkins - NO
Toney - Douglas - NO
Quincy - Pondexter - NO
Luke - Babbitt - NO
Shayne - Whittington - IND
Solomon - Hill - IND
Joe - Young - IND
Rakeem - Christmas - IND
Glenn - Robinson - IND
Kevon - Looney - GSW
Chris - McCullough - BRK
