Anthony - Davis - NO
Carmelo - Anthony - NY
Paul - George - IND
Kawhi - Leonard - SAS
Tyreke - Evans - NO
LaMarcus - Aldridge - SAS
Kristaps - Porzingis - NY
Monta - Ellis - IND
Tim - Duncan - SAS
Tony - Parker - SAS
Jrue - Holiday - NO
George - Hill - IND
Ryan - Anderson - NO
Ian - Mahinmi - IND
Eric - Gordon - NO
Arron - Afflalo - NY
Jordan - Hill - IND
Manu - Ginobili - SAS
Robin - Lopez - NY
Rodney - Stuckey - IND
David - West - SAS
Norris - Cole - NO
Jose - Calderon - NY
C.J. - Miles - IND
Boris - Diaw - SAS
Derrick - Williams - NY
Quincy - Pondexter - NO
Danny - Green - SAS
Boban - Marjanovic - SAS
Lance - Thomas - NY
Langston - Galloway - NY
Patrick - Mills - SAS
Lavoy - Allen - IND
Ray - McCallum - SAS
Jonathon - Simmons - SAS
Kyle - Anderson - SAS
Shayne - Whittington - IND
Toney - Douglas - NO
Alexis - Ajinca - NO
Myles - Turner - IND
Rakeem - Christmas - IND
Kendrick - Perkins - NO
Chase - Budinger - IND
Dante - Cunningham - NO
Sasha - Vujacic - NY
Rasual - Butler - SAS
Kevin - Seraphin - NY
Kyle - O'Quinn - NY
Luke - Babbitt - NO
Solomon - Hill - IND
Alonzo - Gee - NO
Joseph - Young - IND
Glenn - Robinson III - IND
Louis - Amundson - NY
Jerian - Grant - NY
Cleanthony - Early - NY
Omer - Asik - NO
Matt - Bonner - SAS
